Arguments: 
  /usr/local/bin/node /usr/local/bin/yarn add bootstrap

PATH: 
  /usr/bin:/bin:/usr/sbin:/sbin:/usr/local/bin

Yarn version: 
  1.7.0

Node version: 
  8.9.4

Platform: 
  darwin x64

Trace: 
  Error: EACCES: permission denied, open '/Users/Alaikke/Documents/Site Alaikke/HTML/package.json'

npm manifest: 
  {
    "dependencies": {
      "bootstrap": "^4.1.2"
    }
  }

yarn manifest: 
  No manifest

Lockfile: 
  # THIS IS AN AUTOGENERATED FILE. DO NOT EDIT THIS FILE DIRECTLY.
  # yarn lockfile v1
  
  
  bootstrap@^4.1.2:
    version "4.1.2"
    resolved "https://registry.yarnpkg.com/bootstrap/-/bootstrap-4.1.2.tgz#aee2a93472e61c471fc79fb475531dcbc87de326"
